<?xml version="1.0" encoding="UTF-8"?>
<testng-results skipped="0" failed="0" ignored="0" total="1" passed="1">
  <reporter-output>
  </reporter-output>
  <suite name="pe.automatizacion.AutomatizacionTest" duration-ms="16083" started-at="2018-07-12T01:15:58Z" finished-at="2018-07-12T01:16:14Z">
    <groups>
    </groups>
    <test name="Command line test" duration-ms="16083" started-at="2018-07-12T01:15:58Z" finished-at="2018-07-12T01:16:14Z">
      <class name="pe.automatizacion.AutomatizacionTest">
        <test-method status="PASS" signature="setUp()[pri:0, instance:pe.automatizacion.AutomatizacionTest@3796751b]" name="setUp" is-config="true" duration-ms="10850" started-at="2018-07-12T01:15:58Z" finished-at="2018-07-12T01:16:09Z">
          <reporter-output>
          </reporter-output>
        </test-method> <!-- setUp -->
        <test-method status="PASS" signature="detalleFinder()[pri:0, instance:pe.automatizacion.AutomatizacionTest@3796751b]" name="detalleFinder" duration-ms="4991" started-at="2018-07-12T01:16:09Z" finished-at="2018-07-12T01:16:14Z">
          <reporter-output>
          </reporter-output>
        </test-method> <!-- detalleFinder -->
        <test-method status="PASS" signature="tearDown()[pri:0, instance:pe.automatizacion.AutomatizacionTest@3796751b]" name="tearDown" is-config="true" duration-ms="202" started-at="2018-07-12T01:16:14Z" finished-at="2018-07-12T01:16:14Z">
          <reporter-output>
          </reporter-output>
        </test-method> <!-- tearDown -->
      </class> <!-- pe.automatizacion.AutomatizacionTest -->
    </test> <!-- Command line test -->
  </suite> <!-- pe.automatizacion.AutomatizacionTest -->
</testng-results>
